<?xml version="1.0" encoding="UTF-8" ?>
<testsuite tests="1" failures="0" name="com.ssm.web.UserControllerTest" time="0.001" errors="0" skipped="0">
  <properties>
    <property name="idea.version" value="2017.1"/>
    <property name="java.runtime.name" value="Java(TM) SE Runtime Environment"/>
    <property name="sun.boot.library.path" value="X:\Program Files\Java\jdk1.8.0_111\jre\bin"/>
    <property name="java.vm.version" value="25.111-b14"/>
    <property name="java.vm.vendor" value="Oracle Corporation"/>
    <property name="maven.multiModuleProjectDirectory" value="X:\WorkSpace\JavaEE\ssm-test"/>
    <property name="java.vendor.url" value="http://java.oracle.com/"/>
    <property name="path.separator" value=";"/>
    <property name="guice.disable.misplaced.annotation.check" value="true"/>
    <property name="java.vm.name" value="Java HotSpot(TM) 64-Bit Server VM"/>
    <property name="file.encoding.pkg" value="sun.io"/>
    <property name="user.script" value=""/>
    <property name="user.country" value="CN"/>
    <property name="sun.java.launcher" value="SUN_STANDARD"/>
    <property name="sun.os.patch.level" value=""/>
    <property name="java.vm.specification.name" value="Java Virtual Machine Specification"/>
    <property name="user.dir" value="X:\WorkSpace\JavaEE\ssm-test"/>
    <property name="java.runtime.version" value="1.8.0_111-b14"/>
    <property name="java.awt.graphicsenv" value="sun.awt.Win32GraphicsEnvironment"/>
    <property name="java.endorsed.dirs" value="X:\Program Files\Java\jdk1.8.0_111\jre\lib\endorsed"/>
    <property name="os.arch" value="amd64"/>
    <property name="java.io.tmpdir" value="X:\Users\ADMINI~1\AppData\Local\Temp\"/>
    <property name="line.separator" value="
"/>
    <property name="java.vm.specification.vendor" value="Oracle Corporation"/>
    <property name="user.variant" value=""/>
    <property name="os.name" value="Windows 10"/>
    <property name="classworlds.conf" value="X:\Application\IntelliJ IDEA Community Edition 2017.1\plugins\maven\lib\maven3\bin\m2.conf"/>
    <property name="sun.jnu.encoding" value="GBK"/>
    <property name="java.library.path" value="X:\Program Files\Java\jdk1.8.0_111\bin;X:\windows\Sun\Java\bin;X:\windows\system32;X:\windows;X:\ProgramData\Oracle\Java\javapath;X:\windows\system32;X:\windows;X:\windows\System32\Wbem;X:\windows\System32\WindowsPowerShell\v1.0\;X:\Anaconda2;X:\Program Files\Java\jdk1.8.0_111\bin;X:\Program Files\Java\jdk1.8.0_111\jre\bin;x:\Program Files\Git\cmd;X:\Anaconda2\Library\bin;X:\Anaconda2\Scripts;X:\Program Files\scala-2.10.6\bin;D:\caffe;X:\Program Files (x86)\Windows Kits\8.1\Windows Performance Toolkit\;X:\Program Files\Microsoft SQL Server\110\Tools\Binn\;x:\Program Files (x86)\NVIDIA Corporation\PhysX\Common;X:\Application\apache-maven-3.3.9\bi;X:\Application\XAMPP\mysql\bin;X:\Application\IntelliJ IDEA Community Edition 2017.1\plugins\maven\lib\maven3\bin;X:\Users\Administrator\AppData\Local\Microsoft\WindowsApps;;X:\Application\Docker Toolbox;."/>
    <property name="java.specification.name" value="Java Platform API Specification"/>
    <property name="java.class.version" value="52.0"/>
    <property name="sun.management.compiler" value="HotSpot 64-Bit Tiered Compilers"/>
    <property name="os.version" value="10.0"/>
    <property name="user.home" value="X:\Users\Administrator"/>
    <property name="user.timezone" value="Asia/Shanghai"/>
    <property name="java.awt.printerjob" value="sun.awt.windows.WPrinterJob"/>
    <property name="java.specification.version" value="1.8"/>
    <property name="file.encoding" value="UTF-8"/>
    <property name="user.name" value="Administrator"/>
    <property name="java.class.path" value="X:\Application\IntelliJ IDEA Community Edition 2017.1\plugins\maven\lib\maven3\boot\plexus-classworlds-2.5.2.jar;X:\Application\IntelliJ IDEA Community Edition 2017.1\lib\idea_rt.jar"/>
    <property name="java.vm.specification.version" value="1.8"/>
    <property name="sun.arch.data.model" value="64"/>
    <property name="java.home" value="X:\Program Files\Java\jdk1.8.0_111\jre"/>
    <property name="sun.java.command" value="org.codehaus.classworlds.Launcher -Didea.version=2017.1 package"/>
    <property name="java.specification.vendor" value="Oracle Corporation"/>
    <property name="user.language" value="zh"/>
    <property name="awt.toolkit" value="sun.awt.windows.WToolkit"/>
    <property name="java.vm.info" value="mixed mode"/>
    <property name="java.version" value="1.8.0_111"/>
    <property name="java.ext.dirs" value="X:\Program Files\Java\jdk1.8.0_111\jre\lib\ext;X:\windows\Sun\Java\lib\ext"/>
    <property name="sun.boot.class.path" value="X:\Program Files\Java\jdk1.8.0_111\jre\lib\resources.jar;X:\Program Files\Java\jdk1.8.0_111\jre\lib\rt.jar;X:\Program Files\Java\jdk1.8.0_111\jre\lib\sunrsasign.jar;X:\Program Files\Java\jdk1.8.0_111\jre\lib\jsse.jar;X:\Program Files\Java\jdk1.8.0_111\jre\lib\jce.jar;X:\Program Files\Java\jdk1.8.0_111\jre\lib\charsets.jar;X:\Program Files\Java\jdk1.8.0_111\jre\lib\jfr.jar;X:\Program Files\Java\jdk1.8.0_111\jre\classes"/>
    <property name="java.vendor" value="Oracle Corporation"/>
    <property name="maven.home" value="X:\Application\IntelliJ IDEA Community Edition 2017.1\plugins\maven\lib\maven3"/>
    <property name="file.separator" value="\"/>
    <property name="java.vendor.url.bug" value="http://bugreport.sun.com/bugreport/"/>
    <property name="sun.cpu.endian" value="little"/>
    <property name="sun.io.unicode.encoding" value="UnicodeLittle"/>
    <property name="sun.desktop" value="windows"/>
    <property name="sun.cpu.isalist" value="amd64"/>
  </properties>
  <testcase classname="com.ssm.web.UserControllerTest" name="testUserLogin" time="0.001"/>
</testsuite>